<?xml version="1.0" encoding="UTF-8"?>
<!-- Generated by org.testng.reporters.JUnitXMLReporter -->
<testsuite hostname="XE-T-SRIKANTHRE" ignored="4" name="Nopackage" tests="4" failures="0" timestamp="22 Apr 2019 09:04:15 GMT" time="23.174" errors="0">
  <testcase name="@BeforeMethod launchDriver" time="0.0" classname="com.mckinsey.Newton.tests.TestSessionInitiator">
    <failure type="org.openqa.selenium.WebDriverException" message="Timed out waiting for driver server to start.
Build info: version: &amp;apos;3.14.0&amp;apos;, revision: &amp;apos;aacccce0&amp;apos;, time: &amp;apos;2018-08-02T20:19:58.91Z&amp;apos;
System info: host: &amp;apos;XE-T-SRIKANTHRE&amp;apos;, ip: &amp;apos;10.190.32.141&amp;apos;, os.name: &amp;apos;Windows 10&amp;apos;, os.arch: &amp;apos;amd64&amp;apos;, os.version: &amp;apos;10.0&amp;apos;, java.version: &amp;apos;1.8.0_121&amp;apos;
Driver info: driver.version: ChromeDriver">
      <![CDATA[org.openqa.selenium.WebDriverException: Timed out waiting for driver server to start.
Build info: version: '3.14.0', revision: 'aacccce0', time: '2018-08-02T20:19:58.91Z'
System info: host: 'XE-T-SRIKANTHRE', ip: '10.190.32.141', os.name: 'Windows 10', os.arch: 'amd64', os.version: '10.0', java.version: '1.8.0_121'
Driver info: driver.version: ChromeDriver
	at org.openqa.selenium.remote.service.DriverService.waitUntilAvailable(DriverService.java:193)
	at org.openqa.selenium.remote.service.DriverService.start(DriverService.java:179)
	at org.openqa.selenium.remote.service.DriverCommandExecutor.execute(DriverCommandExecutor.java:79)
	at org.openqa.selenium.remote.RemoteWebDriver.execute(RemoteWebDriver.java:548)
	at org.openqa.selenium.remote.RemoteWebDriver.startSession(RemoteWebDriver.java:212)
	at org.openqa.selenium.remote.RemoteWebDriver.<init>(RemoteWebDriver.java:130)
	at org.openqa.selenium.chrome.ChromeDriver.<init>(ChromeDriver.java:181)
	at org.openqa.selenium.chrome.ChromeDriver.<init>(ChromeDriver.java:168)
	at org.openqa.selenium.chrome.ChromeDriver.<init>(ChromeDriver.java:123)
	at com.mckinsey.Newton.tests.TestSessionInitiator.launchDriver(TestSessionInitiator.java:119)
Caused by: org.openqa.selenium.net.UrlChecker$TimeoutException: Timed out waiting for [http://localhost:12532/status] to be available after 20003 ms
	at org.openqa.selenium.net.UrlChecker.waitUntilAvailable(UrlChecker.java:100)
	at org.openqa.selenium.remote.service.DriverService.waitUntilAvailable(DriverService.java:188)
	... 36 more
Caused by: java.util.concurrent.TimeoutException
	at java.util.concurrent.FutureTask.get(Unknown Source)
	at com.google.common.util.concurrent.SimpleTimeLimiter.callWithTimeout(SimpleTimeLimiter.java:156)
	at org.openqa.selenium.net.UrlChecker.waitUntilAvailable(UrlChecker.java:75)
	... 37 more
... Removed 27 stack frames]]>
    </failure>
  </testcase> <!-- @BeforeMethod launchDriver -->
  <testcase name="@AfterMethod quitSession" time="0.0" classname="com.mckinsey.Newton.tests.TestSessionInitiator">
    <skipped/>
  </testcase> <!-- @AfterMethod quitSession -->
  <testcase name="@BeforeMethod launchDriver" time="0.0" classname="com.mckinsey.Newton.tests.TestSessionInitiator">
    <skipped/>
  </testcase> <!-- @BeforeMethod launchDriver -->
  <testcase name="@AfterMethod quitSession" time="0.0" classname="com.mckinsey.Newton.tests.TestSessionInitiator">
    <skipped/>
  </testcase> <!-- @AfterMethod quitSession -->
  <testcase name="@BeforeMethod launchDriver" time="0.0" classname="com.mckinsey.Newton.tests.TestSessionInitiator">
    <skipped/>
  </testcase> <!-- @BeforeMethod launchDriver -->
  <testcase name="@AfterMethod quitSession" time="0.0" classname="com.mckinsey.Newton.tests.TestSessionInitiator">
    <skipped/>
  </testcase> <!-- @AfterMethod quitSession -->
  <testcase name="@BeforeMethod launchDriver" time="0.0" classname="com.mckinsey.Newton.tests.TestSessionInitiator">
    <skipped/>
  </testcase> <!-- @BeforeMethod launchDriver -->
  <testcase name="@AfterMethod quitSession" time="0.0" classname="com.mckinsey.Newton.tests.TestSessionInitiator">
    <skipped/>
  </testcase> <!-- @AfterMethod quitSession -->
  <testcase name="Verifylandingpagelinks" time="0.003" classname="com.mckinsey.Newton.desktopWebTests.LandingTest">
    <skipped/>
  </testcase> <!-- Verifylandingpagelinks -->
  <testcase name="JourneyGuide" time="0.005" classname="com.mckinsey.Newton.desktopWebTests.JourneyGuideTests">
    <skipped/>
  </testcase> <!-- JourneyGuide -->
  <testcase name="Userwantstogetadvisedonherorhisneeds" time="0.002" classname="com.mckinsey.Newton.desktopWebTests.AboutYouTests">
    <skipped/>
  </testcase> <!-- Userwantstogetadvisedonherorhisneeds -->
  <testcase name="ChecklinksandcontentsunderWhatandWhyLifeInsurancesectionarecorrect" time="0.007" classname="com.mckinsey.Newton.desktopWebTests.LandingTest">
    <skipped/>
  </testcase> <!-- ChecklinksandcontentsunderWhatandWhyLifeInsurancesectionarecorrect -->
  <testcase name="@BeforeSuite beforeSuit" time="0.0" classname="com.mckinsey.Newton.tests.TestSessionInitiator">
    <ignored/>
  </testcase> <!-- @BeforeSuite beforeSuit -->
  <testcase name="@BeforeSuite beforeSuit" time="0.0" classname="com.mckinsey.Newton.tests.TestSessionInitiator">
    <ignored/>
  </testcase> <!-- @BeforeSuite beforeSuit -->
  <testcase name="@AfterSuite afterSuite" time="0.0" classname="com.mckinsey.Newton.tests.TestSessionInitiator">
    <ignored/>
  </testcase> <!-- @AfterSuite afterSuite -->
  <testcase name="@AfterSuite afterSuite" time="0.0" classname="com.mckinsey.Newton.tests.TestSessionInitiator">
    <ignored/>
  </testcase> <!-- @AfterSuite afterSuite -->
</testsuite> <!-- Nopackage -->
